#
# A fatal error has been detected by the Java Runtime Environment:
#
#  EXCEPTION_ACCESS_VIOLATION (0xc0000005) at pc=0x0aed25e0, pid=7388, tid=5088
#
# JRE version: 6.0_17-b04
# Java VM: Java HotSpot(TM) Client VM (14.3-b01 mixed mode windows-x86 )
# Problematic frame:
# C  0x0aed25e0
#
# If you would like to submit a bug report, please visit:
#   http://java.sun.com/webapps/bugreport/crash.jsp
# The crash happened outside the Java Virtual Machine in native code.
# See problematic frame for where to report the bug.
#

---------------  T H R E A D  ---------------

Current thread (0x1f681000):  JavaThread "AWT-EventQueue-0" [_thread_in_native, id=5088, stack(0x20210000,0x20290000)]

siginfo: ExceptionCode=0xc0000005, reading address 0x00000004

Registers:
EAX=0x0000000d, EBX=0x25f6df58, ECX=0x00000000, EDX=0x777964f4
ESP=0x2028ee54, EBP=0x76ef61d0, ESI=0x97011281, EDI=0x1f7f35f0
EIP=0x0aed25e0, EFLAGS=0x00010213

Top of Stack: (sp=0x2028ee54)
0x2028ee54:   0ae9663a 97011281 2028f3d0 1f681110
0x2028ee64:   2028f370 1f7f35f0 0ae7c46e 1f681110
0x2028ee74:   1f7f35f0 25b439b0 0ae7c491 00000001
0x2028ee84:   1f681000 1f681110 0ae93cbc 1f681110
0x2028ee94:   2028f3d0 1f681000 00000000 00000000
0x2028eea4:   0bd72f07 2028eee8 0c2ad75c 1526cce8
0x2028eeb4:   25b439b0 00000000 2028eeb4 182fa0c3
0x2028eec4:   2028eeec 12017310 1109f260 1526cce8 

Instructions: (pc=0x0aed25e0)
0x0aed25d0:   8b 41 04 8b 80 0c 0c 00 00 c3 cc cc cc cc cc cc
0x0aed25e0:   8b 49 04 85 c9 74 05 e9 94 85 fe ff 33 c0 c2 04 


Stack: [0x20210000,0x20290000],  sp=0x2028ee54,  free space=507k
Native frames: (J=compiled Java code, j=interpreted, Vv=VM code, C=native code)
C  0x0aed25e0

Java frames: (J=compiled Java code, j=interpreted, Vv=VM code)
J  sun.java2d.windows.GDIBlitLoops.nativeBlit(Lsun/java2d/SurfaceData;Lsun/java2d/SurfaceData;Lsun/java2d/pipe/Region;IIIIIIIIIZ)V
J  sun.java2d.windows.GDIBlitLoops.Blit(Lsun/java2d/SurfaceData;Lsun/java2d/SurfaceData;Ljava/awt/Composite;Lsun/java2d/pipe/Region;IIIIII)V
J  sun.java2d.pipe.DrawImage.blitSurfaceData(Lsun/java2d/SunGraphics2D;Lsun/java2d/pipe/Region;Lsun/java2d/SurfaceData;Lsun/java2d/SurfaceData;Lsun/java2d/loops/SurfaceType;Lsun/java2d/loops/SurfaceType;IIIIIILjava/awt/Color;)V
J  sun.java2d.pipe.DrawImage.renderImageCopy(Lsun/java2d/SunGraphics2D;Ljava/awt/Image;Ljava/awt/Color;IIIIII)Z
J  sun.java2d.pipe.DrawImage.copyImage(Lsun/java2d/SunGraphics2D;Ljava/awt/Image;IIIIIILjava/awt/Color;)Z
J  sun.java2d.pipe.DrawImage.copyImage(Lsun/java2d/SunGraphics2D;Ljava/awt/Image;IIIIIILjava/awt/Color;Ljava/awt/image/ImageObserver;)Z
J  sun.java2d.pipe.ValidatePipe.copyImage(Lsun/java2d/SunGraphics2D;Ljava/awt/Image;IIIIIILjava/awt/Color;Ljava/awt/image/ImageObserver;)Z
J  sun.java2d.SunGraphics2D.copyImage(Ljava/awt/Image;IIIIIILjava/awt/Color;Ljava/awt/image/ImageObserver;)Z
J  sun.java2d.SunGraphics2D.drawImage(Ljava/awt/Image;IIIIIIIILjava/awt/Color;Ljava/awt/image/ImageObserver;)Z
J  sun.java2d.SunGraphics2D.drawImage(Ljava/awt/Image;IIIIIIIILjava/awt/image/ImageObserver;)Z
J  java.awt.Component$BltBufferStrategy.showSubRegion(IIII)V
J  javax.swing.BufferStrategyPaintManager.flushAccumulatedRegion()Z
J  javax.swing.BufferStrategyPaintManager.endPaint()V
J  javax.swing.RepaintManager.endPaint()V
J  javax.swing.JComponent.paint(Ljava/awt/Graphics;)V
j  java.awt.GraphicsCallback$PaintCallback.run(Ljava/awt/Component;Ljava/awt/Graphics;)V+2
j  sun.awt.SunGraphicsCallback.runOneComponent(Ljava/awt/Component;Ljava/awt/Rectangle;Ljava/awt/Graphics;Ljava/awt/Shape;I)V+155
j  sun.awt.SunGraphicsCallback.runComponents([Ljava/awt/Component;Ljava/awt/Graphics;I)V+104
j  java.awt.Container.paint(Ljava/awt/Graphics;)V+73
J  javax.swing.RepaintManager.paintDirtyRegions(Ljava/util/Map;)V
J  javax.swing.RepaintManager.paintDirtyRegions()V
J  javax.swing.RepaintManager.seqPaintDirtyRegions()V
J  javax.swing.SystemEventQueueUtilities$ComponentWorkRequest.run()V
J  java.awt.event.InvocationEvent.dispatch()V
J  java.awt.EventQueue.dispatchEvent(Ljava/awt/AWTEvent;)V
J  java.awt.EventDispatchThread.pumpOneEventForFilters(I)Z
J  java.awt.EventDispatchThread.pumpEventsForFilter(ILjava/awt/Conditional;Ljava/awt/EventFilter;)V
j  java.awt.EventDispatchThread.pumpEventsForHierarchy(ILjava/awt/Conditional;Ljava/awt/Component;)V+11
j  java.awt.EventDispatchThread.pumpEvents(ILjava/awt/Conditional;)V+4
j  java.awt.EventDispatchThread.pumpEvents(Ljava/awt/Conditional;)V+3
j  java.awt.EventDispatchThread.run()V+9
v  ~StubRoutines::call_stub

---------------  P R O C E S S  ---------------

Java Threads: ( => current thread )
  0x261b8800 JavaThread "Code Analyzer updating thread" [_thread_blocked, id=6200, stack(0x27210000,0x27290000)]
  0x261b9c00 JavaThread "Code Analyzer updating thread" [_thread_blocked, id=5644, stack(0x07760000,0x077e0000)]
  0x261b9400 JavaThread "Prefs Updater" daemon [_thread_blocked, id=3296, stack(0x26ee0000,0x26f60000)]
  0x261b7000 JavaThread "Swing-Shell" daemon [_thread_blocked, id=1196, stack(0x27190000,0x27210000)]
  0x1f686c00 JavaThread "Active Reference Queue Daemon" daemon [_thread_blocked, id=5128, stack(0x27060000,0x270e0000)]
  0x1f686400 JavaThread "Timer-1" daemon [_thread_blocked, id=7972, stack(0x26fe0000,0x27060000)]
  0x1f686000 JavaThread "ClipboardMonitor Timer" daemon [_thread_blocked, id=7456, stack(0x26f60000,0x26fe0000)]
  0x1f684800 JavaThread "Explorer NavigationContext request queue" daemon [_thread_blocked, id=7932, stack(0x26e60000,0x26ee0000)]
  0x1f683400 JavaThread "AddressBar directory emptiness poller" daemon [_thread_blocked, id=6600, stack(0x26ce0000,0x26d60000)]
  0x1f683000 JavaThread "Explorer Refresh Service 26867541" daemon [_thread_blocked, id=6812, stack(0x26c60000,0x26ce0000)]
  0x1f682400 JavaThread "Thread-4" daemon [_thread_blocked, id=6052, stack(0x25810000,0x25890000)]
  0x1f681c00 JavaThread "TimerQueue" daemon [_thread_blocked, id=860, stack(0x226c0000,0x22740000)]
  0x1f681800 JavaThread "Thread-3" daemon [_thread_blocked, id=2404, stack(0x20290000,0x20310000)]
=>0x1f681000 JavaThread "AWT-EventQueue-0" [_thread_in_native, id=5088, stack(0x20210000,0x20290000)]
  0x1f680c00 JavaThread "AWT-Shutdown" [_thread_blocked, id=7624, stack(0x0fcf0000,0x0fd70000)]
  0x1f680400 JavaThread "FelixPackageAdmin" daemon [_thread_blocked, id=6660, stack(0x20120000,0x201a0000)]
  0x1f6b0000 JavaThread "FelixStartLevel" daemon [_thread_blocked, id=6400, stack(0x200a0000,0x20120000)]
  0x1f5d1800 JavaThread "FelixDispatchQueue" daemon [_thread_blocked, id=4876, stack(0x1ffe0000,0x20060000)]
  0x1f4e3400 JavaThread "com.google.common.base.internal.Finalizer" daemon [_thread_blocked, id=7800, stack(0x0ff70000,0x0fff0000)]
  0x1f4ddc00 JavaThread "AWT-Windows" daemon [_thread_in_native, id=5980, stack(0x0fd70000,0x0fdf0000)]
  0x1f4cfc00 JavaThread "Java2D Disposer" daemon [_thread_blocked, id=7680, stack(0x0fb70000,0x0fbf0000)]
  0x1e803c00 JavaThread "Timer-0" [_thread_blocked, id=6156, stack(0x0af80000,0x0b000000)]
  0x1e762000 JavaThread "EventMgr Dispatcher" daemon [_thread_in_native, id=7620, stack(0x1e810000,0x1f010000)]
  0x08157800 JavaThread "Low Memory Detector" daemon [_thread_blocked, id=6396, stack(0x08cc0000,0x08d40000)]
  0x08152c00 JavaThread "CompilerThread0" daemon [_thread_blocked, id=4368, stack(0x0e570000,0x0ed70000)]
  0x08147c00 JavaThread "Attach Listener" daemon [_thread_blocked, id=7776, stack(0x08c40000,0x08cc0000)]
  0x08113400 JavaThread "Finalizer" daemon [_thread_blocked, id=3512, stack(0x08350000,0x083d0000)]
  0x08112000 JavaThread "Reference Handler" daemon [_thread_blocked, id=6492, stack(0x082d0000,0x08350000)]
  0x0806fc00 JavaThread "main" [_thread_in_native, id=2588, stack(0x00430000,0x00c30000)]

Other Threads:
  0x0810ec00 VMThread [stack: 0x0dd70000,0x0e570000] [id=5836]
  0x08160800 WatcherThread [stack: 0x0ed70000,0x0f570000] [id=6888]

VM state:not at safepoint (normal execution)

VM Mutex/Monitor currently owned by a thread: None

Heap
 def new generation   total 29504K, used 16998K [0x10010000, 0x12010000, 0x12010000)
  eden space 26240K,  64% used [0x10010000, 0x110a05f8, 0x119b0000)
  from space 3264K,   1% used [0x119b0000, 0x119b92e0, 0x11ce0000)
  to   space 3264K,   0% used [0x11ce0000, 0x11ce0000, 0x12010000)
 tenured generation   total 98304K, used 92967K [0x12010000, 0x18010000, 0x18010000)
   the space 98304K,  94% used [0x12010000, 0x17ad9c28, 0x17ad9e00, 0x18010000)
 compacting perm gen  total 50432K, used 50299K [0x18010000, 0x1b150000, 0x1e010000)
   the space 50432K,  99% used [0x18010000, 0x1b12ed30, 0x1b12ee00, 0x1b150000)
No shared spaces configured.

Dynamic libraries:
0x00400000 - 0x00425000 	C:\Program Files\MATLAB\R2013a\bin\win32\MATLAB.exe
0x77750000 - 0x7788c000 	C:\Windows\SYSTEM32\ntdll.dll
0x76d60000 - 0x76e34000 	C:\Windows\system32\kernel32.dll
0x75920000 - 0x7596a000 	C:\Windows\system32\KERNELBASE.dll
0x7ef10000 - 0x7efa1000 	C:\Program Files\MATLAB\R2013a\bin\win32\libut.dll
0x7dce0000 - 0x7dd75000 	C:\Program Files\MATLAB\R2013a\bin\win32\libmwi18n.dll
0x10000000 - 0x1000b000 	C:\Program Files\MATLAB\R2013a\bin\win32\libmwresource_core.dll
0x001d0000 - 0x00239000 	C:\Program Files\MATLAB\R2013a\bin\win32\MSVCP100.dll
0x00240000 - 0x002ff000 	C:\Program Files\MATLAB\R2013a\bin\win32\MSVCR100.dll
0x70600000 - 0x7060c000 	C:\Program Files\MATLAB\R2013a\bin\win32\boost_date_time-vc100-mt-1_49.dll
0x00300000 - 0x00325000 	C:\Program Files\MATLAB\R2013a\bin\win32\boost_filesystem-vc100-mt-1_49.dll
0x70bf0000 - 0x70bf7000 	C:\Program Files\MATLAB\R2013a\bin\win32\boost_system-vc100-mt-1_49.dll
0x76f40000 - 0x76fe0000 	C:\Windows\system32\ADVAPI32.dll
0x76820000 - 0x768cc000 	C:\Windows\system32\msvcrt.dll
0x75bb0000 - 0x75bc9000 	C:\Windows\SYSTEM32\sechost.dll
0x76e40000 - 0x76ee1000 	C:\Windows\system32\RPCRT4.dll
0x00330000 - 0x00351000 	C:\Program Files\MATLAB\R2013a\bin\win32\LIBEXPAT.dll
0x72eb0000 - 0x72ff9000 	C:\Program Files\MATLAB\R2013a\bin\win32\icuin49.dll
0x7ea10000 - 0x7eb17000 	C:\Program Files\MATLAB\R2013a\bin\win32\icuuc49.dll
0x00c30000 - 0x01d52000 	C:\Program Files\MATLAB\R2013a\bin\win32\icudt49.dll
0x73db0000 - 0x73dbd000 	C:\Program Files\MATLAB\R2013a\bin\win32\icuio49.dll
0x01d60000 - 0x01eb3000 	C:\Program Files\MATLAB\R2013a\bin\win32\libmwfl.dll
0x01ec0000 - 0x021e3000 	C:\Program Files\MATLAB\R2013a\bin\win32\libmwMATLAB_res.dll
0x021f0000 - 0x022a4000 	C:\Program Files\MATLAB\R2013a\bin\win32\boost_regex-vc100-mt-1_49.dll
0x76930000 - 0x769f9000 	C:\Windows\system32\USER32.dll
0x76ef0000 - 0x76f3e000 	C:\Windows\system32\GDI32.dll
0x75ba0000 - 0x75baa000 	C:\Windows\system32\LPK.dll
0x77300000 - 0x7739d000 	C:\Windows\system32\USP10.dll
0x705b0000 - 0x705be000 	C:\Program Files\MATLAB\R2013a\bin\win32\boost_signals-vc100-mt-1_49.dll
0x705c0000 - 0x705ce000 	C:\Program Files\MATLAB\R2013a\bin\win32\boost_thread-vc100-mt-1_49.dll
0x022b0000 - 0x02324000 	C:\Program Files\MATLAB\R2013a\bin\win32\boost_log-vc100-mt-1_49.dll
0x77190000 - 0x77195000 	C:\Windows\system32\PSAPI.DLL
0x77530000 - 0x77565000 	C:\Windows\system32\WS2_32.dll
0x77180000 - 0x77186000 	C:\Windows\system32\NSI.dll
0x00390000 - 0x003b8000 	C:\Program Files\MATLAB\R2013a\bin\win32\tbb.dll
0x778c0000 - 0x778ea000 	C:\Windows\system32\imagehlp.dll
0x73440000 - 0x73465000 	C:\Windows\system32\POWRPROF.dll
0x76fe0000 - 0x7717d000 	C:\Windows\system32\SETUPAPI.dll
0x75a00000 - 0x75a27000 	C:\Windows\system32\CFGMGR32.dll
0x775f0000 - 0x7767f000 	C:\Windows\system32\OLEAUT32.dll
0x771a0000 - 0x772fc000 	C:\Windows\system32\ole32.dll
0x75b80000 - 0x75b92000 	C:\Windows\system32\DEVOBJ.dll
0x003c0000 - 0x003d9000 	C:\Program Files\MATLAB\R2013a\bin\win32\libmwmfl_scalar.dll
0x02330000 - 0x0241b000 	C:\Windows\system32\dbghelp.dll
0x02420000 - 0x026b6000 	C:\Program Files\MATLAB\R2013a\bin\win32\libmwservices.dll
0x7db50000 - 0x7dc0c000 	C:\Program Files\MATLAB\R2013a\bin\win32\libmx.dll
0x003e0000 - 0x003f8000 	C:\Program Files\MATLAB\R2013a\bin\win32\tbbmalloc.dll
0x026c0000 - 0x026d4000 	C:\Program Files\MATLAB\R2013a\bin\win32\zlib1.dll
0x026e0000 - 0x0271d000 	C:\Program Files\MATLAB\R2013a\bin\win32\libmwregexp.dll
0x7df40000 - 0x7df78000 	C:\Program Files\MATLAB\R2013a\bin\win32\mpath.dll
0x72990000 - 0x72ea3000 	C:\Program Files\MATLAB\R2013a\bin\win32\mlutil.dll
0x7d670000 - 0x7d6d2000 	C:\Program Files\MATLAB\R2013a\bin\win32\xmlcore.dll
0x02720000 - 0x028e0000 	C:\Program Files\MATLAB\R2013a\bin\win32\xerces-c_2_7.dll
0x028f0000 - 0x0290f000 	C:\Program Files\MATLAB\R2013a\bin\win32\libmwMATLAB_settings_res.dll
0x02910000 - 0x0291d000 	C:\Program Files\MATLAB\R2013a\bin\win32\boost_iostreams-vc100-mt-1_49.dll
0x02920000 - 0x0295e000 	C:\Program Files\MATLAB\R2013a\bin\win32\boost_serialization-vc100-mt-1_49.dll
0x75bd0000 - 0x76819000 	C:\Windows\system32\SHELL32.dll
0x768d0000 - 0x76927000 	C:\Windows\system32\SHLWAPI.dll
0x02960000 - 0x02965000 	C:\Program Files\MATLAB\R2013a\bin\win32\libmwnativedisplay.dll
0x75970000 - 0x759f4000 	C:\Windows\WinSxS\x86_microsoft.windows.common-controls_6595b64144ccf1df_5.82.7600.16385_none_ebf82fc36c758ad5\COMCTL32.dll
0x77570000 - 0x775eb000 	C:\Windows\system32\COMDLG32.dll
0x73fa0000 - 0x73fb1000 	C:\Windows\system32\NETAPI32.dll
0x73f90000 - 0x73f99000 	C:\Windows\system32\netutils.dll
0x754e0000 - 0x754f9000 	C:\Windows\system32\srvcli.dll
0x73f80000 - 0x73f8f000 	C:\Windows\system32\wkscli.dll
0x7f270000 - 0x7f2f7000 	C:\Program Files\MATLAB\R2013a\bin\win32\mcr.dll
0x02970000 - 0x02cfe000 	C:\Program Files\MATLAB\R2013a\bin\win32\iqm.dll
0x7f630000 - 0x7f6b1000 	C:\Program Files\MATLAB\R2013a\bin\win32\m_dispatcher.dll
0x7b920000 - 0x7be74000 	C:\Program Files\MATLAB\R2013a\bin\win32\m_interpreter.dll
0x73dc0000 - 0x73ddc000 	C:\Program Files\MATLAB\R2013a\bin\win32\libmex.dll
0x7d8b0000 - 0x7d910000 	C:\Program Files\MATLAB\R2013a\bin\win32\profiler.dll
0x02d00000 - 0x02f6c000 	C:\Program Files\MATLAB\R2013a\bin\win32\libmwmathutil.dll
0x734f0000 - 0x7350f000 	C:\Program Files\MATLAB\R2013a\bin\win32\libmwmathrng.dll
0x02f70000 - 0x02f7e000 	C:\Program Files\MATLAB\R2013a\bin\win32\libmwmfl_rng.dll
0x7c390000 - 0x7c43b000 	C:\Program Files\MATLAB\R2013a\bin\win32\libmwmathcore.dll
0x7e000000 - 0x7e048000 	C:\Program Files\MATLAB\R2013a\bin\win32\libmwspmatrix.dll
0x72390000 - 0x72540000 	C:\Program Files\MATLAB\R2013a\bin\win32\mcos.dll
0x02f80000 - 0x02fcb000 	C:\Program Files\MATLAB\R2013a\bin\win32\libmwcholmod.dll
0x73e70000 - 0x73e7a000 	C:\Program Files\MATLAB\R2013a\bin\win32\libmwamd.dll
0x02ff0000 - 0x03093000 	C:\Windows\WinSxS\x86_microsoft.vc90.crt_1fc8b3b9a1e18e3b_9.0.30729.6161_none_50934f2ebcb7eb57\MSVCR90.dll
0x73e80000 - 0x73e8a000 	C:\Program Files\MATLAB\R2013a\bin\win32\libmwcolamd.dll
0x030b0000 - 0x030bb000 	C:\Program Files\MATLAB\R2013a\bin\win32\libmwblas.dll
0x73d30000 - 0x73d41000 	C:\Program Files\MATLAB\R2013a\bin\win32\libmwbinder.dll
0x73ea0000 - 0x73ea9000 	C:\Program Files\MATLAB\R2013a\bin\win32\libmwompwrapper.dll
0x73030000 - 0x73064000 	C:\Program Files\MATLAB\R2013a\bin\win32\libmwlapack.dll
0x73bf0000 - 0x73c07000 	C:\Program Files\MATLAB\R2013a\bin\win32\m_pcodeio.dll
0x7e080000 - 0x7e0c9000 	C:\Program Files\MATLAB\R2013a\bin\win32\m_ir.dll
0x70000000 - 0x70590000 	C:\Program Files\MATLAB\R2013a\bin\win32\m_parser.dll
0x030c0000 - 0x030d1000 	C:\Program Files\MATLAB\R2013a\bin\win32\ir_xfmr.dll
0x73e90000 - 0x73e9e000 	C:\Program Files\MATLAB\R2013a\bin\win32\mtok.dll
0x73690000 - 0x736b1000 	C:\Program Files\MATLAB\R2013a\bin\win32\m_pcodegen.dll
0x7e1c0000 - 0x7e1e7000 	C:\Program Files\MATLAB\R2013a\bin\win32\libmwbridge.dll
0x7f390000 - 0x7f421000 	C:\Program Files\MATLAB\R2013a\bin\win32\udd.dll
0x7e6f0000 - 0x7e808000 	C:\Program Files\MATLAB\R2013a\bin\win32\libmwgui.dll
0x73c10000 - 0x73c2d000 	C:\Program Files\MATLAB\R2013a\bin\win32\graphics_util.dll
0x030e0000 - 0x03192000 	C:\Program Files\MATLAB\R2013a\bin\win32\libtex_base.dll
0x031a0000 - 0x038ec000 	C:\Program Files\MATLAB\R2013a\bin\win32\hg.dll
0x038f0000 - 0x03936000 	C:\Program Files\MATLAB\R2013a\bin\win32\libmat.dll
0x03940000 - 0x03b29000 	C:\Program Files\MATLAB\R2013a\bin\win32\hdf5dll.dll
0x7d9d0000 - 0x7da76000 	C:\Program Files\MATLAB\R2013a\bin\win32\jmi.dll
0x03b40000 - 0x03b4c000 	C:\Program Files\MATLAB\R2013a\bin\win32\nativejava_services.dll
0x732b0000 - 0x732e2000 	C:\Program Files\MATLAB\R2013a\bin\win32\libmwhardcopy.dll
0x7de70000 - 0x7deb8000 	C:\Program Files\MATLAB\R2013a\bin\win32\libuij.dll
0x03b50000 - 0x03d22000 	C:\Program Files\MATLAB\R2013a\bin\win32\hgdatatypes.dll
0x7d2e0000 - 0x7d39d000 	C:\Program Files\MATLAB\R2013a\bin\win32\hgutils.dll
0x03d30000 - 0x03db8000 	C:\Program Files\MATLAB\R2013a\bin\win32\udd_mi.dll
0x03dc0000 - 0x03ded000 	C:\Program Files\MATLAB\R2013a\bin\win32\libmwgbtutils.dll
0x03df0000 - 0x03e00000 	C:\Program Files\MATLAB\R2013a\bin\win32\libmwgbt.dll
0x74dc0000 - 0x75065000 	C:\Program Files\MATLAB\R2013a\bin\win32\uiw.dll
0x73ee0000 - 0x73ee8000 	C:\Program Files\MATLAB\R2013a\bin\win32\uinone.dll
0x03e00000 - 0x03e1e000 	C:\Program Files\MATLAB\R2013a\bin\win32\libmwnativefiledialogs.dll
0x03e20000 - 0x03e29000 	C:\Program Files\MATLAB\R2013a\bin\win32\libmwplatform_res.dll
0x03e30000 - 0x03e42000 	C:\Windows\system32\MPR.dll
0x03e50000 - 0x04288000 	C:\Program Files\MATLAB\R2013a\bin\win32\mfc100.dll
0x72980000 - 0x72985000 	C:\Windows\system32\MSIMG32.dll
0x04290000 - 0x042e1000 	C:\Windows\system32\WINSPOOL.DRV
0x73710000 - 0x73726000 	C:\Program Files\MATLAB\R2013a\bin\win32\mwoles05.DLL
0x7dc40000 - 0x7dc93000 	C:\Program Files\MATLAB\R2013a\bin\win32\comcli.dll
0x042f0000 - 0x04316000 	C:\Program Files\MATLAB\R2013a\bin\win32\ATL100.DLL
0x73e00000 - 0x73e0a000 	C:\Program Files\MATLAB\R2013a\bin\win32\mlautoregister.dll
0x04320000 - 0x0445c000 	C:\Program Files\MATLAB\R2013a\bin\win32\mvm.dll
0x778a0000 - 0x778bf000 	C:\Windows\system32\IMM32.DLL
0x77680000 - 0x7774c000 	C:\Windows\system32\MSCTF.dll
0x74520000 - 0x74560000 	C:\Windows\system32\UxTheme.dll
0x741f0000 - 0x74203000 	C:\Windows\system32\dwmapi.dll
0x045a0000 - 0x045ad000 	C:\Program Files\MATLAB\R2013a\bin\win32\MFC100ENU.DLL
0x054a0000 - 0x054e2000 	C:\Program Files\MATLAB\R2013a\bin\win32\MVMLocal.dll
0x758a0000 - 0x758ab000 	C:\Windows\system32\profapi.dll

VM Arguments:
jvm_args: -Xss512k -XX:PermSize=32m -Xms64m -XX:NewRatio=3 -XX:MaxPermSize=96m -Xmx128m -XX:MaxDirectMemorySize=1200000000 -Dsun.java2d.noddraw=true -Dsun.awt.nopixfmt=true -Xshare:off -Xrs -Dsun.awt.disableMixing=true -Djava.library.path=C:\Program Files\MATLAB\R2013a\bin\win32;C:\Program Files\MATLAB\R2013a\sys\jxbrowser\win32\lib vfprintf abort 
java_command: <unknown>
Launcher Type: generic

Environment Variables:
PATH=C:\Program Files\Common Files\Microsoft Shared\Windows Live;C:\WinAVR-20100110\bin;C:\WinAVR-20100110\utils\bin;C:\Program Files\NVIDIA Corporation\PhysX\Common;C:\Windows\system32;C:\Windows;C:\Windows\System32\Wbem;C:\Windows\System32\WindowsPowerShell\v1.0\;C:\Program Files\MATLAB\R2009a\bin;C:\Program Files\MATLAB\R2009a\bin\win32;C:\Program Files\IVI Foundation\VISA\WinNT\Bin\;C:\Program Files\IVI Foundation\IVI\bin;C:\PROGRA~1\IVIFOU~1\VISA\WinNT\Bin;C:\Cadence\SPB_16.0\tools\PSpice;C:\Cadence\SPB_16.0\tools\PSpice\Library;C:\Cadence\SPB_16.0\tools\Capture;C:\Cadence\SPB_16.0\tools\bin;C:\Cadence\SPB_16.0\tools\pcb\bin;C:\Cadence\SPB_16.0\tools\fet\bin;C:\Cadence\SPB_16.0\tools\specctra\bin;C:\Cadence\SPB_16.0\tools\libutil\bin;C:\Program Files\gnuplot\bin;C:\Program Files\Windows Live\Shared;C:\Program Files\IVI Foundation\VISA\WinNT\Bin;C:\Program Files\MATLAB\R2013a\runtime\win32;C:\Program Files\MATLAB\R2013a\bin;C:\Program Files\MiKTeX 2.9\miktex\bin\
USERNAME=Ashish
OS=Windows_NT
PROCESSOR_IDENTIFIER=x86 Family 6 Model 23 Stepping 7, GenuineIntel



---------------  S Y S T E M  ---------------

OS: Windows 7 Build 7600 

CPU:total 4 (4 cores per cpu, 1 threads per core) family 6 model 23 stepping 7, cmov, cx8, fxsr, mmx, sse, sse2, sse3, ssse3, sse4.1

Memory: 4k page, physical 2882040k(1168600k free), swap 4194303k(3612424k free)

vm_info: Java HotSpot(TM) Client VM (14.3-b01) for windows-x86 JRE (1.6.0_17-b04), built on Oct 11 2009 00:52:06 by "java_re" with MS VC++ 7.1

time: Thu Apr 17 08:59:47 2014
elapsed time: 81061 seconds

