#
# A fatal error has been detected by the Java Runtime Environment:
#
#  EXCEPTION_ACCESS_VIOLATION (0xc0000005) at pc=0x0b3225e0, pid=5516, tid=3900
#
# JRE version: 6.0_17-b04
# Java VM: Java HotSpot(TM) Client VM (14.3-b01 mixed mode windows-x86 )
# Problematic frame:
# C  0x0b3225e0
#
# If you would like to submit a bug report, please visit:
#   http://java.sun.com/webapps/bugreport/crash.jsp
# The crash happened outside the Java Virtual Machine in native code.
# See problematic frame for where to report the bug.
#

---------------  T H R E A D  ---------------

Current thread (0x0b3e9c00):  JavaThread "AWT-EventQueue-0" [_thread_in_native, id=3900, stack(0x20350000,0x203d0000)]

siginfo: ExceptionCode=0xc0000005, reading address 0x00000004

Registers:
EAX=0x0000000d, EBX=0x26393898, ECX=0x00000000, EDX=0x77336194
ESP=0x203ceef4, EBP=0x772a61d0, ESI=0xc0010b95, EDI=0x267828e8
EIP=0x0b3225e0, EFLAGS=0x00010213

Top of Stack: (sp=0x203ceef4)
0x203ceef4:   0b2e663a c0010b95 203cf470 0b3e9d10
0x203cef04:   203cf410 267828e8 0b2cc46e 0b3e9d10
0x203cef14:   267828e8 1f675690 0b2cc491 00000001
0x203cef24:   0b3e9c00 0b3e9d10 0b2e3cbc 0b3e9d10
0x203cef34:   203cf470 0b3e9c00 00000000 00000000
0x203cef44:   00000064 0000001c 0c51ebcc 10c4d6c0
0x203cef54:   1f675690 00000001 0c500eb0 10c4d5a0
0x203cef64:   10c42260 203cef88 0c3868c4 16fe8028 

Instructions: (pc=0x0b3225e0)
0x0b3225d0:   8b 41 04 8b 80 0c 0c 00 00 c3 cc cc cc cc cc cc
0x0b3225e0:   8b 49 04 85 c9 74 05 e9 94 85 fe ff 33 c0 c2 04 


Stack: [0x20350000,0x203d0000],  sp=0x203ceef4,  free space=507k
Native frames: (J=compiled Java code, j=interpreted, Vv=VM code, C=native code)
C  0x0b3225e0

Java frames: (J=compiled Java code, j=interpreted, Vv=VM code)
J  sun.java2d.windows.GDIBlitLoops.nativeBlit(Lsun/java2d/SurfaceData;Lsun/java2d/SurfaceData;Lsun/java2d/pipe/Region;IIIIIIIIIZ)V
J  sun.java2d.windows.GDIBlitLoops.Blit(Lsun/java2d/SurfaceData;Lsun/java2d/SurfaceData;Ljava/awt/Composite;Lsun/java2d/pipe/Region;IIIIII)V
J  sun.java2d.pipe.DrawImage.blitSurfaceData(Lsun/java2d/SunGraphics2D;Lsun/java2d/pipe/Region;Lsun/java2d/SurfaceData;Lsun/java2d/SurfaceData;Lsun/java2d/loops/SurfaceType;Lsun/java2d/loops/SurfaceType;IIIIIILjava/awt/Color;)V
J  sun.java2d.pipe.DrawImage.renderImageCopy(Lsun/java2d/SunGraphics2D;Ljava/awt/Image;Ljava/awt/Color;IIIIII)Z
J  sun.java2d.pipe.DrawImage.copyImage(Lsun/java2d/SunGraphics2D;Ljava/awt/Image;IILjava/awt/Color;)Z
J  sun.java2d.pipe.DrawImage.copyImage(Lsun/java2d/SunGraphics2D;Ljava/awt/Image;IILjava/awt/Color;Ljava/awt/image/ImageObserver;)Z
J  sun.java2d.pipe.ValidatePipe.copyImage(Lsun/java2d/SunGraphics2D;Ljava/awt/Image;IILjava/awt/Color;Ljava/awt/image/ImageObserver;)Z
J  sun.java2d.SunGraphics2D.drawImage(Ljava/awt/Image;IILjava/awt/Color;Ljava/awt/image/ImageObserver;)Z
J  sun.java2d.SunGraphics2D.drawImage(Ljava/awt/Image;IILjava/awt/image/ImageObserver;)Z
J  javax.swing.RepaintManager$PaintManager.paintDoubleBuffered(Ljavax/swing/JComponent;Ljava/awt/Image;Ljava/awt/Graphics;IIII)V
J  javax.swing.RepaintManager$PaintManager.paint(Ljavax/swing/JComponent;Ljavax/swing/JComponent;Ljava/awt/Graphics;IIII)Z
J  javax.swing.RepaintManager.paint(Ljavax/swing/JComponent;Ljavax/swing/JComponent;Ljava/awt/Graphics;IIII)V
J  javax.swing.JComponent.paint(Ljava/awt/Graphics;)V
J  java.awt.GraphicsCallback$PaintCallback.run(Ljava/awt/Component;Ljava/awt/Graphics;)V
J  sun.awt.SunGraphicsCallback.runOneComponent(Ljava/awt/Component;Ljava/awt/Rectangle;Ljava/awt/Graphics;Ljava/awt/Shape;I)V
J  sun.awt.SunGraphicsCallback.runComponents([Ljava/awt/Component;Ljava/awt/Graphics;I)V
J  java.awt.Container.paint(Ljava/awt/Graphics;)V
J  javax.swing.RepaintManager.paintDirtyRegions(Ljava/util/Map;)V
J  javax.swing.RepaintManager.paintDirtyRegions()V
J  javax.swing.RepaintManager.seqPaintDirtyRegions()V
J  javax.swing.SystemEventQueueUtilities$ComponentWorkRequest.run()V
J  java.awt.event.InvocationEvent.dispatch()V
J  java.awt.EventQueue.dispatchEvent(Ljava/awt/AWTEvent;)V
J  java.awt.EventDispatchThread.pumpOneEventForFilters(I)Z
J  java.awt.EventDispatchThread.pumpEventsForFilter(ILjava/awt/Conditional;Ljava/awt/EventFilter;)V
j  java.awt.EventDispatchThread.pumpEventsForHierarchy(ILjava/awt/Conditional;Ljava/awt/Component;)V+11
j  java.awt.EventDispatchThread.pumpEvents(ILjava/awt/Conditional;)V+4
j  java.awt.EventDispatchThread.pumpEvents(Ljava/awt/Conditional;)V+3
j  java.awt.EventDispatchThread.run()V+9
v  ~StubRoutines::call_stub

---------------  P R O C E S S  ---------------

Java Threads: ( => current thread )
  0x26411800 JavaThread "Image Fetcher 0" daemon [_thread_blocked, id=1244, stack(0x06a70000,0x06af0000)]
  0x1fc19800 JavaThread "Code Analyzer updating thread" [_thread_blocked, id=1732, stack(0x27050000,0x270d0000)]
  0x1fc19400 JavaThread "Code Analyzer updating thread" [_thread_blocked, id=2844, stack(0x069f0000,0x06a70000)]
  0x26410400 JavaThread "Code Analyzer updating thread" [_thread_blocked, id=5620, stack(0x2e7c0000,0x2e840000)]
  0x0b3f0400 JavaThread "Code Analyzer updating thread" [_thread_blocked, id=3520, stack(0x27250000,0x272d0000)]
  0x0b3f0800 JavaThread "Code Analyzer updating thread" [_thread_blocked, id=5220, stack(0x26fd0000,0x27050000)]
  0x0b3ed800 JavaThread "Code Analyzer updating thread" [_thread_blocked, id=256, stack(0x270d0000,0x27150000)]
  0x0b3eb400 JavaThread "Code Analyzer updating thread" [_thread_blocked, id=5580, stack(0x21350000,0x213d0000)]
  0x0b3ecc00 JavaThread "Code Analyzer updating thread" [_thread_blocked, id=5936, stack(0x2e8d0000,0x2e950000)]
  0x0b3efc00 JavaThread "Code Analyzer updating thread" [_thread_blocked, id=6124, stack(0x212d0000,0x21350000)]
  0x0b3ec800 JavaThread "pool-7-thread-1" [_thread_blocked, id=5984, stack(0x2e740000,0x2e7c0000)]
  0x1fc1a000 JavaThread "XPCOMThread" [_thread_in_native, id=1380, stack(0x32b80000,0x33380000)]
  0x1fc18c00 JavaThread "Browser Events Thread" daemon [_thread_blocked, id=3632, stack(0x2efc0000,0x2f040000)]
  0x1fc1b000 JavaThread "com.jniwrapper.NativeResourceCollector" daemon [_thread_blocked, id=3244, stack(0x2eed0000,0x2ef50000)]
  0x1fc1a400 JavaThread "XPCOM" daemon [_thread_in_native, id=4920, stack(0x2b2d0000,0x2b350000)]
  0x2640f800 JavaThread "Prefs Updater" daemon [_thread_blocked, id=1528, stack(0x067a0000,0x06820000)]
  0x26411000 JavaThread "Foxtrot Multi Worker Thread Runner #1" daemon [_thread_blocked, id=5752, stack(0x27690000,0x27710000)]
  0x1fc1ac00 JavaThread "Swing-Shell" daemon [_thread_blocked, id=2820, stack(0x27fc0000,0x28040000)]
  0x0b3ef800 JavaThread "Active Reference Queue Daemon" daemon [_thread_blocked, id=5444, stack(0x21250000,0x212d0000)]
  0x0b3ef000 JavaThread "Timer-1" daemon [_thread_blocked, id=5776, stack(0x211d0000,0x21250000)]
  0x0b3eec00 JavaThread "ClipboardMonitor Timer" daemon [_thread_blocked, id=720, stack(0x21150000,0x211d0000)]
  0x0b3ed400 JavaThread "Explorer NavigationContext request queue" daemon [_thread_blocked, id=5912, stack(0x21050000,0x210d0000)]
  0x0b3ec000 JavaThread "AddressBar directory emptiness poller" daemon [_thread_blocked, id=4992, stack(0x20ed0000,0x20f50000)]
  0x0b3ebc00 JavaThread "Explorer Refresh Service 5411558" daemon [_thread_blocked, id=5080, stack(0x20e50000,0x20ed0000)]
  0x0b3eb000 JavaThread "Thread-4" daemon [_thread_blocked, id=884, stack(0x20720000,0x207a0000)]
  0x0b3ea800 JavaThread "TimerQueue" daemon [_thread_blocked, id=4036, stack(0x20aa0000,0x20b20000)]
  0x0b3ea400 JavaThread "Thread-3" daemon [_thread_blocked, id=6004, stack(0x203d0000,0x20450000)]
=>0x0b3e9c00 JavaThread "AWT-EventQueue-0" [_thread_in_native, id=3900, stack(0x20350000,0x203d0000)]
  0x0b3e9800 JavaThread "AWT-Shutdown" [_thread_blocked, id=3140, stack(0x0fe20000,0x0fea0000)]
  0x0b3e9000 JavaThread "FelixPackageAdmin" daemon [_thread_blocked, id=5140, stack(0x202d0000,0x20350000)]
  0x1f5edc00 JavaThread "FelixStartLevel" daemon [_thread_blocked, id=484, stack(0x20250000,0x202d0000)]
  0x1f668800 JavaThread "FelixDispatchQueue" daemon [_thread_blocked, id=4536, stack(0x20160000,0x201e0000)]
  0x1f43d400 JavaThread "com.google.common.base.internal.Finalizer" daemon [_thread_blocked, id=240, stack(0x200e0000,0x20160000)]
  0x1f44c000 JavaThread "AWT-Windows" daemon [_thread_in_native, id=2952, stack(0x0fea0000,0x0ff20000)]
  0x1f44b400 JavaThread "Java2D Disposer" daemon [_thread_blocked, id=5856, stack(0x0fca0000,0x0fd20000)]
  0x1f065000 JavaThread "Timer-0" [_thread_blocked, id=1284, stack(0x0fc20000,0x0fca0000)]
  0x1e775c00 JavaThread "EventMgr Dispatcher" daemon [_thread_in_native, id=5072, stack(0x1e810000,0x1f010000)]
  0x08bf8c00 JavaThread "Low Memory Detector" daemon [_thread_blocked, id=6132, stack(0x0b200000,0x0b280000)]
  0x08bf3800 JavaThread "CompilerThread0" daemon [_thread_blocked, id=5192, stack(0x0e820000,0x0f020000)]
  0x08be9000 JavaThread "Attach Listener" daemon [_thread_blocked, id=5396, stack(0x0b180000,0x0b200000)]
  0x08bb3400 JavaThread "Finalizer" daemon [_thread_blocked, id=2224, stack(0x0b100000,0x0b180000)]
  0x08bb2000 JavaThread "Reference Handler" daemon [_thread_blocked, id=5004, stack(0x08c10000,0x08c90000)]
  0x0814fc00 JavaThread "main" [_thread_in_native, id=4368, stack(0x00430000,0x00c30000)]

Other Threads:
  0x08baec00 VMThread [stack: 0x0e020000,0x0e820000] [id=4148]
  0x08c03000 WatcherThread [stack: 0x0f020000,0x0f820000] [id=4988]

VM state:not at safepoint (normal execution)

VM Mutex/Monitor currently owned by a thread: None

Heap
 def new generation   total 29504K, used 27653K [0x10010000, 0x12010000, 0x12010000)
  eden space 26240K, 100% used [0x10010000, 0x119b0000, 0x119b0000)
  from space 3264K,  43% used [0x11ce0000, 0x11e417d0, 0x12010000)
  to   space 3264K,   0% used [0x119b0000, 0x119b0000, 0x11ce0000)
 tenured generation   total 98304K, used 98303K [0x12010000, 0x18010000, 0x18010000)
   the space 98304K,  99% used [0x12010000, 0x1800fff8, 0x18010000, 0x18010000)
 compacting perm gen  total 50176K, used 49962K [0x18010000, 0x1b110000, 0x1e010000)
   the space 50176K,  99% used [0x18010000, 0x1b0daa50, 0x1b0dac00, 0x1b110000)
No shared spaces configured.

Dynamic libraries:
0x00400000 - 0x00425000 	C:\Program Files\MATLAB\R2013a\bin\win32\MATLAB.exe
0x772f0000 - 0x7742c000 	C:\Windows\SYSTEM32\ntdll.dll
0x77440000 - 0x77514000 	C:\Windows\system32\kernel32.dll
0x75500000 - 0x7554b000 	C:\Windows\system32\KERNELBASE.dll
0x7ef10000 - 0x7efa1000 	C:\Program Files\MATLAB\R2013a\bin\win32\libut.dll
0x7dce0000 - 0x7dd75000 	C:\Program Files\MATLAB\R2013a\bin\win32\libmwi18n.dll
0x10000000 - 0x1000b000 	C:\Program Files\MATLAB\R2013a\bin\win32\libmwresource_core.dll
0x00220000 - 0x00289000 	C:\Program Files\MATLAB\R2013a\bin\win32\MSVCP100.dll
0x00290000 - 0x0034f000 	C:\Program Files\MATLAB\R2013a\bin\win32\MSVCR100.dll
0x731a0000 - 0x731ac000 	C:\Program Files\MATLAB\R2013a\bin\win32\boost_date_time-vc100-mt-1_49.dll
0x000d0000 - 0x000f5000 	C:\Program Files\MATLAB\R2013a\bin\win32\boost_filesystem-vc100-mt-1_49.dll
0x74230000 - 0x74237000 	C:\Program Files\MATLAB\R2013a\bin\win32\boost_system-vc100-mt-1_49.dll
0x76d80000 - 0x76e20000 	C:\Windows\system32\ADVAPI32.dll
0x76830000 - 0x768dc000 	C:\Windows\system32\msvcrt.dll
0x768f0000 - 0x76909000 	C:\Windows\SYSTEM32\sechost.dll
0x770d0000 - 0x77171000 	C:\Windows\system32\RPCRT4.dll
0x00350000 - 0x00371000 	C:\Program Files\MATLAB\R2013a\bin\win32\LIBEXPAT.dll
0x72eb0000 - 0x72ff9000 	C:\Program Files\MATLAB\R2013a\bin\win32\icuin49.dll
0x7ea10000 - 0x7eb17000 	C:\Program Files\MATLAB\R2013a\bin\win32\icuuc49.dll
0x00c30000 - 0x01d52000 	C:\Program Files\MATLAB\R2013a\bin\win32\icudt49.dll
0x73db0000 - 0x73dbd000 	C:\Program Files\MATLAB\R2013a\bin\win32\icuio49.dll
0x01d60000 - 0x01eb3000 	C:\Program Files\MATLAB\R2013a\bin\win32\libmwfl.dll
0x01ec0000 - 0x021e3000 	C:\Program Files\MATLAB\R2013a\bin\win32\libmwMATLAB_res.dll
0x021f0000 - 0x022a4000 	C:\Program Files\MATLAB\R2013a\bin\win32\boost_regex-vc100-mt-1_49.dll
0x77180000 - 0x77249000 	C:\Windows\system32\USER32.dll
0x772a0000 - 0x772ee000 	C:\Windows\system32\GDI32.dll
0x77430000 - 0x7743a000 	C:\Windows\system32\LPK.dll
0x76530000 - 0x765ce000 	C:\Windows\system32\USP10.dll
0x73040000 - 0x7304e000 	C:\Program Files\MATLAB\R2013a\bin\win32\boost_signals-vc100-mt-1_49.dll
0x72ce0000 - 0x72cee000 	C:\Program Files\MATLAB\R2013a\bin\win32\boost_thread-vc100-mt-1_49.dll
0x022b0000 - 0x02324000 	C:\Program Files\MATLAB\R2013a\bin\win32\boost_log-vc100-mt-1_49.dll
0x77290000 - 0x77295000 	C:\Windows\system32\PSAPI.DLL
0x76c60000 - 0x76c95000 	C:\Windows\system32\WS2_32.dll
0x77280000 - 0x77286000 	C:\Windows\system32\NSI.dll
0x00390000 - 0x003b8000 	C:\Program Files\MATLAB\R2013a\bin\win32\tbb.dll
0x77250000 - 0x7727a000 	C:\Windows\system32\imagehlp.dll
0x73650000 - 0x73675000 	C:\Windows\system32\POWRPROF.dll
0x76910000 - 0x76aad000 	C:\Windows\system32\SETUPAPI.dll
0x75550000 - 0x75577000 	C:\Windows\system32\CFGMGR32.dll
0x75780000 - 0x7580f000 	C:\Windows\system32\OLEAUT32.dll
0x76b00000 - 0x76c5c000 	C:\Windows\system32\ole32.dll
0x75640000 - 0x75652000 	C:\Windows\system32\DEVOBJ.dll
0x003c0000 - 0x003d9000 	C:\Program Files\MATLAB\R2013a\bin\win32\libmwmfl_scalar.dll
0x70650000 - 0x7073b000 	C:\Windows\system32\dbghelp.dll
0x02330000 - 0x025c6000 	C:\Program Files\MATLAB\R2013a\bin\win32\libmwservices.dll
0x7db50000 - 0x7dc0c000 	C:\Program Files\MATLAB\R2013a\bin\win32\libmx.dll
0x72840000 - 0x72858000 	C:\Program Files\MATLAB\R2013a\bin\win32\tbbmalloc.dll
0x728f0000 - 0x72904000 	C:\Program Files\MATLAB\R2013a\bin\win32\zlib1.dll
0x025d0000 - 0x0260d000 	C:\Program Files\MATLAB\R2013a\bin\win32\libmwregexp.dll
0x7df40000 - 0x7df78000 	C:\Program Files\MATLAB\R2013a\bin\win32\mpath.dll
0x02610000 - 0x02b23000 	C:\Program Files\MATLAB\R2013a\bin\win32\mlutil.dll
0x7d670000 - 0x7d6d2000 	C:\Program Files\MATLAB\R2013a\bin\win32\xmlcore.dll
0x02b30000 - 0x02cf0000 	C:\Program Files\MATLAB\R2013a\bin\win32\xerces-c_2_7.dll
0x02cf0000 - 0x02d0f000 	C:\Program Files\MATLAB\R2013a\bin\win32\libmwMATLAB_settings_res.dll
0x72cd0000 - 0x72cdd000 	C:\Program Files\MATLAB\R2013a\bin\win32\boost_iostreams-vc100-mt-1_49.dll
0x02d10000 - 0x02d4e000 	C:\Program Files\MATLAB\R2013a\bin\win32\boost_serialization-vc100-mt-1_49.dll
0x75810000 - 0x76459000 	C:\Windows\system32\SHELL32.dll
0x76d20000 - 0x76d77000 	C:\Windows\system32\SHLWAPI.dll
0x003f0000 - 0x003f5000 	C:\Program Files\MATLAB\R2013a\bin\win32\libmwnativedisplay.dll
0x72a80000 - 0x72b04000 	C:\Windows\WinSxS\x86_microsoft.windows.common-controls_6595b64144ccf1df_5.82.7600.16661_none_ebfb56996c72aefc\COMCTL32.dll
0x76ca0000 - 0x76d1b000 	C:\Windows\system32\COMDLG32.dll
0x73b50000 - 0x73b61000 	C:\Windows\system32\NETAPI32.dll
0x73b40000 - 0x73b49000 	C:\Windows\system32\netutils.dll
0x75300000 - 0x75319000 	C:\Windows\system32\srvcli.dll
0x73b30000 - 0x73b3f000 	C:\Windows\system32\wkscli.dll
0x7f270000 - 0x7f2f7000 	C:\Program Files\MATLAB\R2013a\bin\win32\mcr.dll
0x02d50000 - 0x030de000 	C:\Program Files\MATLAB\R2013a\bin\win32\iqm.dll
0x7f630000 - 0x7f6b1000 	C:\Program Files\MATLAB\R2013a\bin\win32\m_dispatcher.dll
0x7b920000 - 0x7be74000 	C:\Program Files\MATLAB\R2013a\bin\win32\m_interpreter.dll
0x73dc0000 - 0x73ddc000 	C:\Program Files\MATLAB\R2013a\bin\win32\libmex.dll
0x7d8b0000 - 0x7d910000 	C:\Program Files\MATLAB\R2013a\bin\win32\profiler.dll
0x030e0000 - 0x0334c000 	C:\Program Files\MATLAB\R2013a\bin\win32\libmwmathutil.dll
0x734f0000 - 0x7350f000 	C:\Program Files\MATLAB\R2013a\bin\win32\libmwmathrng.dll
0x03350000 - 0x0335e000 	C:\Program Files\MATLAB\R2013a\bin\win32\libmwmfl_rng.dll
0x7c390000 - 0x7c43b000 	C:\Program Files\MATLAB\R2013a\bin\win32\libmwmathcore.dll
0x7e000000 - 0x7e048000 	C:\Program Files\MATLAB\R2013a\bin\win32\libmwspmatrix.dll
0x72390000 - 0x72540000 	C:\Program Files\MATLAB\R2013a\bin\win32\mcos.dll
0x03360000 - 0x033ab000 	C:\Program Files\MATLAB\R2013a\bin\win32\libmwcholmod.dll
0x73e70000 - 0x73e7a000 	C:\Program Files\MATLAB\R2013a\bin\win32\libmwamd.dll
0x707c0000 - 0x70863000 	C:\Windows\WinSxS\x86_microsoft.vc90.crt_1fc8b3b9a1e18e3b_9.0.30729.6161_none_50934f2ebcb7eb57\MSVCR90.dll
0x73e80000 - 0x73e8a000 	C:\Program Files\MATLAB\R2013a\bin\win32\libmwcolamd.dll
0x033e0000 - 0x033eb000 	C:\Program Files\MATLAB\R2013a\bin\win32\libmwblas.dll
0x73d30000 - 0x73d41000 	C:\Program Files\MATLAB\R2013a\bin\win32\libmwbinder.dll
0x73ea0000 - 0x73ea9000 	C:\Program Files\MATLAB\R2013a\bin\win32\libmwompwrapper.dll
0x033f0000 - 0x03424000 	C:\Program Files\MATLAB\R2013a\bin\win32\libmwlapack.dll
0x73bf0000 - 0x73c07000 	C:\Program Files\MATLAB\R2013a\bin\win32\m_pcodeio.dll
0x7e080000 - 0x7e0c9000 	C:\Program Files\MATLAB\R2013a\bin\win32\m_ir.dll
0x70000000 - 0x70590000 	C:\Program Files\MATLAB\R2013a\bin\win32\m_parser.dll
0x03430000 - 0x03441000 	C:\Program Files\MATLAB\R2013a\bin\win32\ir_xfmr.dll
0x73e90000 - 0x73e9e000 	C:\Program Files\MATLAB\R2013a\bin\win32\mtok.dll
0x73690000 - 0x736b1000 	C:\Program Files\MATLAB\R2013a\bin\win32\m_pcodegen.dll
0x7e1c0000 - 0x7e1e7000 	C:\Program Files\MATLAB\R2013a\bin\win32\libmwbridge.dll
0x7f390000 - 0x7f421000 	C:\Program Files\MATLAB\R2013a\bin\win32\udd.dll
0x7e6f0000 - 0x7e808000 	C:\Program Files\MATLAB\R2013a\bin\win32\libmwgui.dll
0x73c10000 - 0x73c2d000 	C:\Program Files\MATLAB\R2013a\bin\win32\graphics_util.dll
0x03450000 - 0x03502000 	C:\Program Files\MATLAB\R2013a\bin\win32\libtex_base.dll
0x03510000 - 0x03c5c000 	C:\Program Files\MATLAB\R2013a\bin\win32\hg.dll
0x03c60000 - 0x03ca6000 	C:\Program Files\MATLAB\R2013a\bin\win32\libmat.dll
0x03cb0000 - 0x03e99000 	C:\Program Files\MATLAB\R2013a\bin\win32\hdf5dll.dll
0x7d9d0000 - 0x7da76000 	C:\Program Files\MATLAB\R2013a\bin\win32\jmi.dll
0x03eb0000 - 0x03ebc000 	C:\Program Files\MATLAB\R2013a\bin\win32\nativejava_services.dll
0x732b0000 - 0x732e2000 	C:\Program Files\MATLAB\R2013a\bin\win32\libmwhardcopy.dll
0x7de70000 - 0x7deb8000 	C:\Program Files\MATLAB\R2013a\bin\win32\libuij.dll
0x03ec0000 - 0x04092000 	C:\Program Files\MATLAB\R2013a\bin\win32\hgdatatypes.dll
0x7d2e0000 - 0x7d39d000 	C:\Program Files\MATLAB\R2013a\bin\win32\hgutils.dll
0x040a0000 - 0x04128000 	C:\Program Files\MATLAB\R2013a\bin\win32\udd_mi.dll
0x04130000 - 0x0415d000 	C:\Program Files\MATLAB\R2013a\bin\win32\libmwgbtutils.dll
0x04160000 - 0x04170000 	C:\Program Files\MATLAB\R2013a\bin\win32\libmwgbt.dll
0x74dc0000 - 0x75065000 	C:\Program Files\MATLAB\R2013a\bin\win32\uiw.dll
0x73ee0000 - 0x73ee8000 	C:\Program Files\MATLAB\R2013a\bin\win32\uinone.dll
0x04170000 - 0x0418e000 	C:\Program Files\MATLAB\R2013a\bin\win32\libmwnativefiledialogs.dll
0x04190000 - 0x04199000 	C:\Program Files\MATLAB\R2013a\bin\win32\libmwplatform_res.dll
0x041a0000 - 0x041b2000 	C:\Windows\system32\MPR.dll
0x041c0000 - 0x045f8000 	C:\Program Files\MATLAB\R2013a\bin\win32\mfc100.dll
0x04600000 - 0x04605000 	C:\Windows\system32\MSIMG32.dll
0x749d0000 - 0x74a21000 	C:\Windows\system32\WINSPOOL.DRV
0x73710000 - 0x73726000 	C:\Program Files\MATLAB\R2013a\bin\win32\mwoles05.DLL
0x7dc40000 - 0x7dc93000 	C:\Program Files\MATLAB\R2013a\bin\win32\comcli.dll
0x04610000 - 0x04636000 	C:\Program Files\MATLAB\R2013a\bin\win32\ATL100.DLL
0x73e00000 - 0x73e0a000 	C:\Program Files\MATLAB\R2013a\bin\win32\mlautoregister.dll
0x04640000 - 0x0477c000 	C:\Program Files\MATLAB\R2013a\bin\win32\mvm.dll
0x765d0000 - 0x765ef000 	C:\Windows\system32\IMM32.DLL
0x76460000 - 0x7652c000 	C:\Windows\system32\MSCTF.dll
0x740d0000 - 0x74110000 	C:\Windows\system32\UxTheme.dll
0x048c0000 - 0x048d3000 	C:\Windows\system32\dwmapi.dll
0x72290000 - 0x7229d000 	C:\Program Files\MATLAB\R2013a\bin\win32\MFC100ENU.DLL
0x05930000 - 0x05972000 	C:\Program Files\MATLAB\R2013a\bin\win32\MVMLocal.dll
0x75480000 - 0x7548b000 	C:\Windows\system32\profapi.dll

VM Arguments:
jvm_args: -Xss512k -XX:PermSize=32m -Xms64m -XX:NewRatio=3 -XX:MaxPermSize=96m -Xmx128m -XX:MaxDirectMemorySize=1200000000 -Dsun.java2d.noddraw=true -Dsun.awt.nopixfmt=true -Xshare:off -Xrs -Dsun.awt.disableMixing=true -Djava.library.path=C:\Program Files\MATLAB\R2013a\bin\win32;C:\Program Files\MATLAB\R2013a\sys\jxbrowser\win32\lib vfprintf abort 
java_command: <unknown>
Launcher Type: generic

Environment Variables:
PATH=C:\Program Files\Common Files\Microsoft Shared\Windows Live;C:\WinAVR-20100110\bin;C:\WinAVR-20100110\utils\bin;C:\Program Files\NVIDIA Corporation\PhysX\Common;C:\Windows\system32;C:\Windows;C:\Windows\System32\Wbem;C:\Windows\System32\WindowsPowerShell\v1.0\;C:\Program Files\MATLAB\R2009a\bin;C:\Program Files\MATLAB\R2009a\bin\win32;C:\Program Files\IVI Foundation\VISA\WinNT\Bin\;C:\Program Files\IVI Foundation\IVI\bin;C:\PROGRA~1\IVIFOU~1\VISA\WinNT\Bin;C:\Cadence\SPB_16.0\tools\PSpice;C:\Cadence\SPB_16.0\tools\PSpice\Library;C:\Cadence\SPB_16.0\tools\Capture;C:\Cadence\SPB_16.0\tools\bin;C:\Cadence\SPB_16.0\tools\pcb\bin;C:\Cadence\SPB_16.0\tools\fet\bin;C:\Cadence\SPB_16.0\tools\specctra\bin;C:\Cadence\SPB_16.0\tools\libutil\bin;C:\Program Files\gnuplot\bin;C:\Program Files\Windows Live\Shared;C:\Program Files\IVI Foundation\VISA\WinNT\Bin;C:\Program Files\MATLAB\R2013a\runtime\win32;C:\Program Files\MATLAB\R2013a\bin;C:\Program Files\MiKTeX 2.9\miktex\bin\
USERNAME=Ashish
OS=Windows_NT
PROCESSOR_IDENTIFIER=x86 Family 6 Model 23 Stepping 7, GenuineIntel



---------------  S Y S T E M  ---------------

OS: Windows 7 Build 7600 

CPU:total 4 (4 cores per cpu, 1 threads per core) family 6 model 23 stepping 7, cmov, cx8, fxsr, mmx, sse, sse2, sse3, ssse3, sse4.1

Memory: 4k page, physical 2882040k(961472k free), swap 4194303k(2811824k free)

vm_info: Java HotSpot(TM) Client VM (14.3-b01) for windows-x86 JRE (1.6.0_17-b04), built on Oct 11 2009 00:52:06 by "java_re" with MS VC++ 7.1

time: Fri Jun 20 11:51:40 2014
elapsed time: 100245 seconds

