#
# A fatal error has been detected by the Java Runtime Environment:
#
#  EXCEPTION_ACCESS_VIOLATION (0xc0000005) at pc=0x74c2c585, pid=6340, tid=1572
#
# JRE version: 6.0_17-b04
# Java VM: Java HotSpot(TM) Client VM (14.3-b01 mixed mode windows-x86 )
# Problematic frame:
# C  0x74c2c585
#
# If you would like to submit a bug report, please visit:
#   http://java.sun.com/webapps/bugreport/crash.jsp
#

---------------  T H R E A D  ---------------

Current thread (0x1fc5f800):  JavaThread "Code Analyzer updating thread" [_thread_in_vm, id=1572, stack(0x5a1f0000,0x5a270000)]

siginfo: ExceptionCode=0xc0000005, reading address 0x00000000

Registers:
EAX=0x00000000, EBX=0x1fc5f910, ECX=0x1fc5f800, EDX=0x74d467a4
ESP=0x5a26f014, EBP=0x5a26f05c, ESI=0x1fc5f800, EDI=0x00000000
EIP=0x74c2c585, EFLAGS=0x00010246

Top of Stack: (sp=0x5a26f014)
0x5a26f014:   200a58d0 1fc5f910 73f02fba 5a26f0b8
0x5a26f024:   74d1dff0 74d1f2f0 ffffffff 5a26f040
0x5a26f034:   74b310e0 1fc5f800 5a26fad4 5a26f070
0x5a26f044:   74c2f5b9 1fc5f800 1fc5f800 254ecf64
0x5a26f054:   000004bb 74d467a4 5a26f074 73f010fd
0x5a26f064:   1fc5f910 200a58d0 00000000 5a26f088
0x5a26f074:   5a26f8f8 73f02fea 1fc5f910 200a58d0
0x5a26f084:   00000000 001e2dc7 5a26f8ec 5a26f328 

Instructions: (pc=0x74c2c585)
0x74c2c575:   00 00 00 74 08 8d 4d f0 e8 3e 24 08 00 8b 7d 10
0x74c2c585:   8b 07 c7 45 e0 0c 00 00 00 8b 48 08 0f b7 51 26 


Stack: [0x5a1f0000,0x5a270000],  sp=0x5a26f014,  free space=508k
Native frames: (J=compiled Java code, j=interpreted, Vv=VM code, C=native code)
C  0x74c2c585
C  0x73f010fd
C  0x73f02fea
j  com.mathworks.widgets.text.mcode.MLint.nativeGetMessages(Ljava/lang/String;Ljava/lang/String;)Ljava/util/List;+0
j  com.mathworks.widgets.text.mcode.MLint.getMessages(Ljava/lang/String;Ljava/lang/String;Lcom/mathworks/widgets/text/mcode/MLintConfiguration;Z)Ljava/util/List;+67
j  com.mathworks.widgets.text.mcode.analyzer.CodeAnalyzerThread.doMLint()V+95
j  com.mathworks.widgets.text.mcode.analyzer.CodeAnalyzerThread.access$400(Lcom/mathworks/widgets/text/mcode/analyzer/CodeAnalyzerThread;)V+1
j  com.mathworks.widgets.text.mcode.analyzer.CodeAnalyzerThread$MLintRunnable.run()V+14
j  java.lang.Thread.run()V+11
v  ~StubRoutines::call_stub
C  0x74c1cf9c
C  0x74ca41d1
C  0x74c1d167
C  0x74c1d1dd
C  0x74c46290
C  0x74d00414
C  0x74ca3e4c
C  0x7d919565
C  [kernel32.dll+0x51174]
C  [ntdll.dll+0x5b3f5]
C  [ntdll.dll+0x5b3c8]

Java frames: (J=compiled Java code, j=interpreted, Vv=VM code)
j  com.mathworks.widgets.text.mcode.MLint.nativeGetMessages(Ljava/lang/String;Ljava/lang/String;)Ljava/util/List;+0
j  com.mathworks.widgets.text.mcode.MLint.getMessages(Ljava/lang/String;Ljava/lang/String;Lcom/mathworks/widgets/text/mcode/MLintConfiguration;Z)Ljava/util/List;+67
j  com.mathworks.widgets.text.mcode.analyzer.CodeAnalyzerThread.doMLint()V+95
j  com.mathworks.widgets.text.mcode.analyzer.CodeAnalyzerThread.access$400(Lcom/mathworks/widgets/text/mcode/analyzer/CodeAnalyzerThread;)V+1
j  com.mathworks.widgets.text.mcode.analyzer.CodeAnalyzerThread$MLintRunnable.run()V+14
j  java.lang.Thread.run()V+11
v  ~StubRoutines::call_stub

---------------  P R O C E S S  ---------------

Java Threads: ( => current thread )
  0x1fc5d400 JavaThread "Image Fetcher 0" daemon [_thread_blocked, id=7820, stack(0x6d270000,0x6d2f0000)]
=>0x1fc5f800 JavaThread "Code Analyzer updating thread" [_thread_in_vm, id=1572, stack(0x5a1f0000,0x5a270000)]
  0x1fc5c800 JavaThread "Prefs Updater" daemon [_thread_blocked, id=5044, stack(0x07a20000,0x07aa0000)]
  0x1fc5ec00 JavaThread "FileDecorationCache request queue" daemon [_thread_blocked, id=6908, stack(0x6fed0000,0x6ff50000)]
  0x1fc5f400 JavaThread "pool-1-thread-1" [_thread_blocked, id=948, stack(0x05b90000,0x05c10000)]
  0x257e2800 JavaThread "Swing-Shell" daemon [_thread_blocked, id=5920, stack(0x278d0000,0x27950000)]
  0x257e0c00 JavaThread "Code Analyzer updating thread" [_thread_blocked, id=6780, stack(0x27850000,0x278d0000)]
  0x257e0400 JavaThread "Code Analyzer updating thread" [_thread_blocked, id=7956, stack(0x277d0000,0x27850000)]
  0x257dfc00 JavaThread "Code Analyzer updating thread" [_thread_blocked, id=5056, stack(0x27750000,0x277d0000)]
  0x257df800 JavaThread "Code Analyzer updating thread" [_thread_blocked, id=6252, stack(0x275d0000,0x27650000)]
  0x257df000 JavaThread "Code Analyzer updating thread" [_thread_blocked, id=2696, stack(0x27550000,0x275d0000)]
  0x1fe51800 JavaThread "Code Analyzer updating thread" [_thread_blocked, id=7800, stack(0x274d0000,0x27550000)]
  0x1fe51000 JavaThread "Code Analyzer updating thread" [_thread_blocked, id=5132, stack(0x27450000,0x274d0000)]
  0x1fe50c00 JavaThread "Code Analyzer updating thread" [_thread_blocked, id=7328, stack(0x26bd0000,0x26c50000)]
  0x1fe50400 JavaThread "Active Reference Queue Daemon" daemon [_thread_blocked, id=4980, stack(0x26b50000,0x26bd0000)]
  0x1fe50000 JavaThread "Timer-1" daemon [_thread_blocked, id=4044, stack(0x26ad0000,0x26b50000)]
  0x1fe4f800 JavaThread "ClipboardMonitor Timer" daemon [_thread_blocked, id=7296, stack(0x26a50000,0x26ad0000)]
  0x1fe4e000 JavaThread "Explorer NavigationContext request queue" daemon [_thread_blocked, id=6124, stack(0x26950000,0x269d0000)]
  0x1e300800 JavaThread "AddressBar directory emptiness poller" daemon [_thread_blocked, id=7344, stack(0x21400000,0x21480000)]
  0x1e300000 JavaThread "Explorer Refresh Service 29266376" daemon [_thread_blocked, id=4668, stack(0x21380000,0x21400000)]
  0x1e2ffc00 JavaThread "Thread-4" daemon [_thread_blocked, id=1548, stack(0x20ee0000,0x20f60000)]
  0x1e2ff400 JavaThread "TimerQueue" daemon [_thread_blocked, id=632, stack(0x23160000,0x231e0000)]
  0x1e2fdc00 JavaThread "Thread-3" daemon [_thread_blocked, id=4624, stack(0x206e0000,0x20760000)]
  0x1e2fc000 JavaThread "AWT-EventQueue-0" [_thread_blocked, id=5088, stack(0x20660000,0x206e0000)]
  0x1e2fd800 JavaThread "AWT-Shutdown" [_thread_blocked, id=6452, stack(0x0ff60000,0x0ffe0000)]
  0x1e2ff000 JavaThread "FelixPackageAdmin" daemon [_thread_blocked, id=4800, stack(0x208e0000,0x20960000)]
  0x1e2fe800 JavaThread "FelixStartLevel" daemon [_thread_blocked, id=6836, stack(0x20860000,0x208e0000)]
  0x1e2fe400 JavaThread "FelixDispatchQueue" daemon [_thread_blocked, id=6220, stack(0x20760000,0x207e0000)]
  0x1e2fd000 JavaThread "com.google.common.base.internal.Finalizer" daemon [_thread_blocked, id=2812, stack(0x205e0000,0x20660000)]
  0x1e2fc400 JavaThread "AWT-Windows" daemon [_thread_in_native, id=6992, stack(0x203e0000,0x20460000)]
  0x1e2fb800 JavaThread "Java2D Disposer" daemon [_thread_blocked, id=2876, stack(0x0fde0000,0x0fe60000)]
  0x1e2fa800 JavaThread "Timer-0" [_thread_blocked, id=4148, stack(0x0fd60000,0x0fde0000)]
  0x1e2fa000 JavaThread "EventMgr Dispatcher" daemon [_thread_in_native, id=6672, stack(0x1ec10000,0x1f410000)]
  0x08ff8c00 JavaThread "Low Memory Detector" daemon [_thread_blocked, id=7220, stack(0x0f0c0000,0x0f140000)]
  0x08ff4000 JavaThread "CompilerThread0" daemon [_thread_blocked, id=4856, stack(0x0e8c0000,0x0f0c0000)]
  0x08fe9800 JavaThread "Attach Listener" daemon [_thread_blocked, id=7124, stack(0x0e840000,0x0e8c0000)]
  0x08fb3400 JavaThread "Finalizer" daemon [_thread_blocked, id=6752, stack(0x0e7c0000,0x0e840000)]
  0x08fb2000 JavaThread "Reference Handler" daemon [_thread_blocked, id=5240, stack(0x0e740000,0x0e7c0000)]
  0x0870f800 JavaThread "main" [_thread_in_native, id=248, stack(0x00430000,0x00c30000)]

Other Threads:
  0x08faec00 VMThread [stack: 0x0df40000,0x0e740000] [id=400]
  0x09002000 WatcherThread [stack: 0x0f140000,0x0f940000] [id=1440]

VM state:not at safepoint (normal execution)

VM Mutex/Monitor currently owned by a thread: None

Heap
 def new generation   total 23296K, used 4590K [0x10010000, 0x11950000, 0x12010000)
  eden space 20736K,  17% used [0x10010000, 0x1038e4b8, 0x11450000)
  from space 2560K,  39% used [0x116d0000, 0x117cd4a8, 0x11950000)
  to   space 2560K,   0% used [0x11450000, 0x11450000, 0x116d0000)
 tenured generation   total 77280K, used 51612K [0x12010000, 0x16b88000, 0x18010000)
   the space 77280K,  66% used [0x12010000, 0x152771f0, 0x15277200, 0x16b88000)
 compacting perm gen  total 48896K, used 48856K [0x18010000, 0x1afd0000, 0x1e010000)
   the space 48896K,  99% used [0x18010000, 0x1afc6038, 0x1afc6200, 0x1afd0000)
No shared spaces configured.

Dynamic libraries:
0x00400000 - 0x00425000 	C:\Program Files\MATLAB\R2013a\bin\win32\MATLAB.exe
0x778a0000 - 0x779dc000 	C:\Windows\SYSTEM32\ntdll.dll
0x77520000 - 0x775f4000 	C:\Windows\system32\kernel32.dll
0x75ac0000 - 0x75b0a000 	C:\Windows\system32\KERNELBASE.dll
0x7ef10000 - 0x7efa1000 	C:\Program Files\MATLAB\R2013a\bin\win32\libut.dll
0x7dce0000 - 0x7dd75000 	C:\Program Files\MATLAB\R2013a\bin\win32\libmwi18n.dll
0x10000000 - 0x1000b000 	C:\Program Files\MATLAB\R2013a\bin\win32\libmwresource_core.dll
0x70770000 - 0x707d9000 	C:\Program Files\MATLAB\R2013a\bin\win32\MSVCP100.dll
0x001e0000 - 0x0029f000 	C:\Program Files\MATLAB\R2013a\bin\win32\MSVCR100.dll
0x74090000 - 0x7409c000 	C:\Program Files\MATLAB\R2013a\bin\win32\boost_date_time-vc100-mt-1_49.dll
0x70ee0000 - 0x70f05000 	C:\Program Files\MATLAB\R2013a\bin\win32\boost_filesystem-vc100-mt-1_49.dll
0x74070000 - 0x74077000 	C:\Program Files\MATLAB\R2013a\bin\win32\boost_system-vc100-mt-1_49.dll
0x76480000 - 0x76520000 	C:\Windows\system32\ADVAPI32.dll
0x76190000 - 0x7623c000 	C:\Windows\system32\msvcrt.dll
0x779f0000 - 0x77a09000 	C:\Windows\SYSTEM32\sechost.dll
0x76240000 - 0x762e1000 	C:\Windows\system32\RPCRT4.dll
0x70a30000 - 0x70a51000 	C:\Program Files\MATLAB\R2013a\bin\win32\LIBEXPAT.dll
0x72eb0000 - 0x72ff9000 	C:\Program Files\MATLAB\R2013a\bin\win32\icuin49.dll
0x7ea10000 - 0x7eb17000 	C:\Program Files\MATLAB\R2013a\bin\win32\icuuc49.dll
0x00c30000 - 0x01d52000 	C:\Program Files\MATLAB\R2013a\bin\win32\icudt49.dll
0x73db0000 - 0x73dbd000 	C:\Program Files\MATLAB\R2013a\bin\win32\icuio49.dll
0x01d60000 - 0x01eb3000 	C:\Program Files\MATLAB\R2013a\bin\win32\libmwfl.dll
0x01ec0000 - 0x021e3000 	C:\Program Files\MATLAB\R2013a\bin\win32\libmwMATLAB_res.dll
0x002c0000 - 0x00374000 	C:\Program Files\MATLAB\R2013a\bin\win32\boost_regex-vc100-mt-1_49.dll
0x75f50000 - 0x76019000 	C:\Windows\system32\USER32.dll
0x76020000 - 0x7606e000 	C:\Windows\system32\GDI32.dll
0x76820000 - 0x7682a000 	C:\Windows\system32\LPK.dll
0x76520000 - 0x765bd000 	C:\Windows\system32\USP10.dll
0x73570000 - 0x7357e000 	C:\Program Files\MATLAB\R2013a\bin\win32\boost_signals-vc100-mt-1_49.dll
0x74030000 - 0x7403e000 	C:\Program Files\MATLAB\R2013a\bin\win32\boost_thread-vc100-mt-1_49.dll
0x00380000 - 0x003f4000 	C:\Program Files\MATLAB\R2013a\bin\win32\boost_log-vc100-mt-1_49.dll
0x779e0000 - 0x779e5000 	C:\Windows\system32\PSAPI.DLL
0x77a90000 - 0x77ac5000 	C:\Windows\system32\WS2_32.dll
0x767c0000 - 0x767c6000 	C:\Windows\system32\NSI.dll
0x021f0000 - 0x02218000 	C:\Program Files\MATLAB\R2013a\bin\win32\tbb.dll
0x763c0000 - 0x763ea000 	C:\Windows\system32\imagehlp.dll
0x73590000 - 0x735b5000 	C:\Windows\system32\POWRPROF.dll
0x765c0000 - 0x7675d000 	C:\Windows\system32\SETUPAPI.dll
0x75cc0000 - 0x75ce7000 	C:\Windows\system32\CFGMGR32.dll
0x76830000 - 0x768bf000 	C:\Windows\system32\OLEAUT32.dll
0x77740000 - 0x7789c000 	C:\Windows\system32\ole32.dll
0x75aa0000 - 0x75ab2000 	C:\Windows\system32\DEVOBJ.dll
0x02220000 - 0x02239000 	C:\Program Files\MATLAB\R2013a\bin\win32\libmwmfl_scalar.dll
0x02240000 - 0x0232b000 	C:\Windows\system32\dbghelp.dll
0x02330000 - 0x025c6000 	C:\Program Files\MATLAB\R2013a\bin\win32\libmwservices.dll
0x7db50000 - 0x7dc0c000 	C:\Program Files\MATLAB\R2013a\bin\win32\libmx.dll
0x70b70000 - 0x70b88000 	C:\Program Files\MATLAB\R2013a\bin\win32\tbbmalloc.dll
0x70b00000 - 0x70b14000 	C:\Program Files\MATLAB\R2013a\bin\win32\zlib1.dll
0x025d0000 - 0x0260d000 	C:\Program Files\MATLAB\R2013a\bin\win32\libmwregexp.dll
0x7df40000 - 0x7df78000 	C:\Program Files\MATLAB\R2013a\bin\win32\mpath.dll
0x72990000 - 0x72ea3000 	C:\Program Files\MATLAB\R2013a\bin\win32\mlutil.dll
0x7d670000 - 0x7d6d2000 	C:\Program Files\MATLAB\R2013a\bin\win32\xmlcore.dll
0x02610000 - 0x027d0000 	C:\Program Files\MATLAB\R2013a\bin\win32\xerces-c_2_7.dll
0x027e0000 - 0x027ff000 	C:\Program Files\MATLAB\R2013a\bin\win32\libmwMATLAB_settings_res.dll
0x710e0000 - 0x710ed000 	C:\Program Files\MATLAB\R2013a\bin\win32\boost_iostreams-vc100-mt-1_49.dll
0x02800000 - 0x0283e000 	C:\Program Files\MATLAB\R2013a\bin\win32\boost_serialization-vc100-mt-1_49.dll
0x768d0000 - 0x77519000 	C:\Windows\system32\SHELL32.dll
0x76760000 - 0x767b7000 	C:\Windows\system32\SHLWAPI.dll
0x02840000 - 0x02845000 	C:\Program Files\MATLAB\R2013a\bin\win32\libmwnativedisplay.dll
0x75c30000 - 0x75cb4000 	C:\Windows\WinSxS\x86_microsoft.windows.common-controls_6595b64144ccf1df_5.82.7600.16385_none_ebf82fc36c758ad5\COMCTL32.dll
0x77a10000 - 0x77a8b000 	C:\Windows\system32\COMDLG32.dll
0x740f0000 - 0x74101000 	C:\Windows\system32\NETAPI32.dll
0x740e0000 - 0x740e9000 	C:\Windows\system32\netutils.dll
0x75840000 - 0x75859000 	C:\Windows\system32\srvcli.dll
0x740d0000 - 0x740df000 	C:\Windows\system32\wkscli.dll
0x7f270000 - 0x7f2f7000 	C:\Program Files\MATLAB\R2013a\bin\win32\mcr.dll
0x02850000 - 0x02bde000 	C:\Program Files\MATLAB\R2013a\bin\win32\iqm.dll
0x7f630000 - 0x7f6b1000 	C:\Program Files\MATLAB\R2013a\bin\win32\m_dispatcher.dll
0x7b920000 - 0x7be74000 	C:\Program Files\MATLAB\R2013a\bin\win32\m_interpreter.dll
0x73dc0000 - 0x73ddc000 	C:\Program Files\MATLAB\R2013a\bin\win32\libmex.dll
0x7d8b0000 - 0x7d910000 	C:\Program Files\MATLAB\R2013a\bin\win32\profiler.dll
0x02be0000 - 0x02e4c000 	C:\Program Files\MATLAB\R2013a\bin\win32\libmwmathutil.dll
0x734f0000 - 0x7350f000 	C:\Program Files\MATLAB\R2013a\bin\win32\libmwmathrng.dll
0x02e50000 - 0x02e5e000 	C:\Program Files\MATLAB\R2013a\bin\win32\libmwmfl_rng.dll
0x7c390000 - 0x7c43b000 	C:\Program Files\MATLAB\R2013a\bin\win32\libmwmathcore.dll
0x7e000000 - 0x7e048000 	C:\Program Files\MATLAB\R2013a\bin\win32\libmwspmatrix.dll
0x72390000 - 0x72540000 	C:\Program Files\MATLAB\R2013a\bin\win32\mcos.dll
0x02e60000 - 0x02eab000 	C:\Program Files\MATLAB\R2013a\bin\win32\libmwcholmod.dll
0x73e70000 - 0x73e7a000 	C:\Program Files\MATLAB\R2013a\bin\win32\libmwamd.dll
0x02ed0000 - 0x02f73000 	C:\Windows\WinSxS\x86_microsoft.vc90.crt_1fc8b3b9a1e18e3b_9.0.30729.6161_none_50934f2ebcb7eb57\MSVCR90.dll
0x73e80000 - 0x73e8a000 	C:\Program Files\MATLAB\R2013a\bin\win32\libmwcolamd.dll
0x02f90000 - 0x02f9b000 	C:\Program Files\MATLAB\R2013a\bin\win32\libmwblas.dll
0x73d30000 - 0x73d41000 	C:\Program Files\MATLAB\R2013a\bin\win32\libmwbinder.dll
0x73ea0000 - 0x73ea9000 	C:\Program Files\MATLAB\R2013a\bin\win32\libmwompwrapper.dll
0x73030000 - 0x73064000 	C:\Program Files\MATLAB\R2013a\bin\win32\libmwlapack.dll
0x73bf0000 - 0x73c07000 	C:\Program Files\MATLAB\R2013a\bin\win32\m_pcodeio.dll
0x7e080000 - 0x7e0c9000 	C:\Program Files\MATLAB\R2013a\bin\win32\m_ir.dll
0x70000000 - 0x70590000 	C:\Program Files\MATLAB\R2013a\bin\win32\m_parser.dll
0x02fa0000 - 0x02fb1000 	C:\Program Files\MATLAB\R2013a\bin\win32\ir_xfmr.dll
0x73e90000 - 0x73e9e000 	C:\Program Files\MATLAB\R2013a\bin\win32\mtok.dll
0x73690000 - 0x736b1000 	C:\Program Files\MATLAB\R2013a\bin\win32\m_pcodegen.dll
0x7e1c0000 - 0x7e1e7000 	C:\Program Files\MATLAB\R2013a\bin\win32\libmwbridge.dll
0x7f390000 - 0x7f421000 	C:\Program Files\MATLAB\R2013a\bin\win32\udd.dll
0x7e6f0000 - 0x7e808000 	C:\Program Files\MATLAB\R2013a\bin\win32\libmwgui.dll
0x73c10000 - 0x73c2d000 	C:\Program Files\MATLAB\R2013a\bin\win32\graphics_util.dll
0x02fc0000 - 0x03072000 	C:\Program Files\MATLAB\R2013a\bin\win32\libtex_base.dll
0x03080000 - 0x037cc000 	C:\Program Files\MATLAB\R2013a\bin\win32\hg.dll
0x037d0000 - 0x03816000 	C:\Program Files\MATLAB\R2013a\bin\win32\libmat.dll
0x75d10000 - 0x75ef9000 	C:\Program Files\MATLAB\R2013a\bin\win32\hdf5dll.dll
0x7d9d0000 - 0x7da76000 	C:\Program Files\MATLAB\R2013a\bin\win32\jmi.dll
0x03830000 - 0x0383c000 	C:\Program Files\MATLAB\R2013a\bin\win32\nativejava_services.dll
0x732b0000 - 0x732e2000 	C:\Program Files\MATLAB\R2013a\bin\win32\libmwhardcopy.dll
0x7de70000 - 0x7deb8000 	C:\Program Files\MATLAB\R2013a\bin\win32\libuij.dll
0x03840000 - 0x03a12000 	C:\Program Files\MATLAB\R2013a\bin\win32\hgdatatypes.dll
0x7d2e0000 - 0x7d39d000 	C:\Program Files\MATLAB\R2013a\bin\win32\hgutils.dll
0x03a20000 - 0x03aa8000 	C:\Program Files\MATLAB\R2013a\bin\win32\udd_mi.dll
0x03ab0000 - 0x03add000 	C:\Program Files\MATLAB\R2013a\bin\win32\libmwgbtutils.dll
0x03ae0000 - 0x03af0000 	C:\Program Files\MATLAB\R2013a\bin\win32\libmwgbt.dll
0x74dc0000 - 0x75065000 	C:\Program Files\MATLAB\R2013a\bin\win32\uiw.dll
0x73ee0000 - 0x73ee8000 	C:\Program Files\MATLAB\R2013a\bin\win32\uinone.dll
0x03af0000 - 0x03b0e000 	C:\Program Files\MATLAB\R2013a\bin\win32\libmwnativefiledialogs.dll
0x03b10000 - 0x03b19000 	C:\Program Files\MATLAB\R2013a\bin\win32\libmwplatform_res.dll
0x03b20000 - 0x03b32000 	C:\Windows\system32\MPR.dll
0x03b40000 - 0x03f78000 	C:\Program Files\MATLAB\R2013a\bin\win32\mfc100.dll
0x72870000 - 0x72875000 	C:\Windows\system32\MSIMG32.dll
0x03f80000 - 0x03fd1000 	C:\Windows\system32\WINSPOOL.DRV
0x73710000 - 0x73726000 	C:\Program Files\MATLAB\R2013a\bin\win32\mwoles05.DLL
0x7dc40000 - 0x7dc93000 	C:\Program Files\MATLAB\R2013a\bin\win32\comcli.dll
0x70910000 - 0x70936000 	C:\Program Files\MATLAB\R2013a\bin\win32\ATL100.DLL
0x73e00000 - 0x73e0a000 	C:\Program Files\MATLAB\R2013a\bin\win32\mlautoregister.dll
0x03fe0000 - 0x0411c000 	C:\Program Files\MATLAB\R2013a\bin\win32\mvm.dll
0x76170000 - 0x7618f000 	C:\Windows\system32\IMM32.DLL
0x762f0000 - 0x763bc000 	C:\Windows\system32\MSCTF.dll
0x74670000 - 0x746b0000 	C:\Windows\system32\UxTheme.dll
0x74340000 - 0x74353000 	C:\Windows\system32\dwmapi.dll
0x73120000 - 0x7312d000 	C:\Program Files\MATLAB\R2013a\bin\win32\MFC100ENU.DLL
0x05560000 - 0x055a2000 	C:\Program Files\MATLAB\R2013a\bin\win32\MVMLocal.dll
0x759f0000 - 0x759fb000 	C:\Windows\system32\profapi.dll

VM Arguments:
jvm_args: -Xss512k -XX:PermSize=32m -Xms64m -XX:NewRatio=3 -XX:MaxPermSize=96m -Xmx128m -XX:MaxDirectMemorySize=1200000000 -Dsun.java2d.noddraw=true -Dsun.awt.nopixfmt=true -Xshare:off -Xrs -Dsun.awt.disableMixing=true -Djava.library.path=C:\Program Files\MATLAB\R2013a\bin\win32;C:\Program Files\MATLAB\R2013a\sys\jxbrowser\win32\lib vfprintf abort 
java_command: <unknown>
Launcher Type: generic

Environment Variables:
PATH=C:\Program Files\Common Files\Microsoft Shared\Windows Live;C:\WinAVR-20100110\bin;C:\WinAVR-20100110\utils\bin;C:\Program Files\NVIDIA Corporation\PhysX\Common;C:\Windows\system32;C:\Windows;C:\Windows\System32\Wbem;C:\Windows\System32\WindowsPowerShell\v1.0\;C:\Program Files\MATLAB\R2009a\bin;C:\Program Files\MATLAB\R2009a\bin\win32;C:\Program Files\IVI Foundation\VISA\WinNT\Bin\;C:\Program Files\IVI Foundation\IVI\bin;C:\PROGRA~1\IVIFOU~1\VISA\WinNT\Bin;C:\Cadence\SPB_16.0\tools\PSpice;C:\Cadence\SPB_16.0\tools\PSpice\Library;C:\Cadence\SPB_16.0\tools\Capture;C:\Cadence\SPB_16.0\tools\bin;C:\Cadence\SPB_16.0\tools\pcb\bin;C:\Cadence\SPB_16.0\tools\fet\bin;C:\Cadence\SPB_16.0\tools\specctra\bin;C:\Cadence\SPB_16.0\tools\libutil\bin;C:\Program Files\gnuplot\bin;C:\Program Files\Windows Live\Shared;C:\Program Files\IVI Foundation\VISA\WinNT\Bin;C:\Program Files\MATLAB\R2013a\runtime\win32;C:\Program Files\MATLAB\R2013a\bin;C:\Program Files\MiKTeX 2.9\miktex\bin\
USERNAME=Ashish
OS=Windows_NT
PROCESSOR_IDENTIFIER=x86 Family 6 Model 23 Stepping 7, GenuineIntel



---------------  S Y S T E M  ---------------

OS: Windows 7 Build 7600 

CPU:total 4 (4 cores per cpu, 1 threads per core) family 6 model 23 stepping 7, cmov, cx8, fxsr, mmx, sse, sse2, sse3, ssse3, sse4.1

Memory: 4k page, physical 2882040k(654104k free), swap 4194303k(2264976k free)

vm_info: Java HotSpot(TM) Client VM (14.3-b01) for windows-x86 JRE (1.6.0_17-b04), built on Oct 11 2009 00:52:06 by "java_re" with MS VC++ 7.1

time: Fri Feb 28 17:54:00 2014
elapsed time: 10947 seconds

